Checking syntax for all .mjs files...
Checking scripts/release-name.mjs...
Checking scripts/check-doc-examples.mjs...
Checking scripts/instant-version-bump.mjs...
Checking scripts/get-bump-type.mjs...
Checking scripts/create-manual-changeset.mjs...
Checking scripts/version-and-commit.mjs...
Checking scripts/preflight-credentials.mjs...
Checking scripts/debug-print.mjs...
Checking scripts/create-github-release.mjs...
Checking scripts/check-test-parity.mjs...
Checking scripts/check-file-size.mjs...
Checking scripts/run-js-tests.mjs...
Checking scripts/bump-version.mjs...
Checking scripts/format-release-notes.mjs...
Checking scripts/verify-release-badge.mjs...
Checking scripts/publish-to-npm.mjs...
Checking scripts/publish-to-crates.mjs...
Checking scripts/format-github-release.mjs...
Checking scripts/check-release-needed.mjs...
Checking scripts/validate-changeset.mjs...
Checking scripts/changeset-version.mjs...
Checking scripts/collect-changelog.mjs...
Checking scripts/setup-npm.mjs...
Checking scripts/detect-code-changes.mjs...
Checking scripts/backfill-release-notes.mjs...
Checking scripts/merge-changesets.mjs...
Checking js/test/release-name.mjs...
Checking js/test/create-github-release.mjs...
Checking js/test/run-js-tests.mjs...
Checking js/test/publish-to-crates.mjs...
Checking js/test/merge-changesets.mjs...

Syntax check passed for 31 file(s).
